c:\users\lluis\source\repos\sdl_pathfinding\sdl_pathfinding\sdl_pathfinding\debug\vc141.pdb
c:\users\lluis\source\repos\sdl_pathfinding\sdl_pathfinding\sdl_pathfinding\debug\vc141.idb
c:\users\lluis\source\repos\sdl_pathfinding\sdl_pathfinding\sdl_pathfinding\debug\agent.obj
c:\users\lluis\source\repos\sdl_pathfinding\sdl_pathfinding\sdl_pathfinding\debug\main.obj
c:\users\lluis\source\repos\sdl_pathfinding\sdl_pathfinding\sdl_pathfinding\debug\scenepathfinding.obj
c:\users\lluis\source\repos\sdl_pathfinding\sdl_pathfinding\sdl_pathfinding\debug\sdl_simpleapp.obj
c:\users\lluis\source\repos\sdl_pathfinding\sdl_pathfinding\sdl_pathfinding\debug\steeringbehavior.obj
c:\users\lluis\source\repos\sdl_pathfinding\sdl_pathfinding\sdl_pathfinding\debug\utils.obj
c:\users\lluis\source\repos\sdl_pathfinding\bin\sdl_pathfinding.ilk
c:\users\lluis\source\repos\sdl_pathfinding\bin\sdl_pathfinding.exe
c:\users\lluis\source\repos\sdl_pathfinding\bin\sdl_pathfinding.pdb
c:\users\lluis\source\repos\sdl_pathfinding\\bin\sdl_pathfinding.pdb
c:\users\lluis\source\repos\sdl_pathfinding\\bin\sdl_pathfinding.exe
c:\users\lluis\source\repos\sdl_pathfinding\\bin\sdl_pathfinding.ilk
c:\users\lluis\source\repos\sdl_pathfinding\sdl_pathfinding\sdl_pathfinding\debug\sdl_pathfinding.tlog\cl.command.1.tlog
c:\users\lluis\source\repos\sdl_pathfinding\sdl_pathfinding\sdl_pathfinding\debug\sdl_pathfinding.tlog\cl.read.1.tlog
c:\users\lluis\source\repos\sdl_pathfinding\sdl_pathfinding\sdl_pathfinding\debug\sdl_pathfinding.tlog\cl.write.1.tlog
c:\users\lluis\source\repos\sdl_pathfinding\sdl_pathfinding\sdl_pathfinding\debug\sdl_pathfinding.tlog\link.command.1.tlog
c:\users\lluis\source\repos\sdl_pathfinding\sdl_pathfinding\sdl_pathfinding\debug\sdl_pathfinding.tlog\link.read.1.tlog
c:\users\lluis\source\repos\sdl_pathfinding\sdl_pathfinding\sdl_pathfinding\debug\sdl_pathfinding.tlog\link.write.1.tlog
